INFO - 2023-11-04 09:25:18 --> Session: Class initialized using 'CodeIgniter\Session\Handlers\FileHandler' driver.
CRITICAL - 2023-11-04 09:25:25 --> syntax error, unexpected '}', expecting ';' or ','
in APPPATH\Controllers\Home.php on line 26.
 1 SYSTEMPATH\Router\Router.php(514): CodeIgniter\Router\AutoRouter->getRoute('home/email', 'get')
 2 SYSTEMPATH\Router\Router.php(210): CodeIgniter\Router\Router->autoRoute('home/email')
 3 SYSTEMPATH\CodeIgniter.php(823): CodeIgniter\Router\Router->handle('home/email')
 4 SYSTEMPATH\CodeIgniter.php(450): CodeIgniter\CodeIgniter->tryToRouteIt(Object(CodeIgniter\Router\RouteCollection))
 5 SYSTEMPATH\CodeIgniter.php(361): CodeIgniter\CodeIgniter->handleRequest(null, Object(Config\Cache), false)
 6 FCPATH\index.php(79): CodeIgniter\CodeIgniter->run()
 7 SYSTEMPATH\Commands\Server\rewrite.php(47): require_once('C:\\xampp\\htdocs\\food\\public\\index.php')
ERROR - 2023-11-04 09:25:34 --> Email: sendWithSmtp throwed ErrorException: fsockopen(): SSL operation failed with code 1. OpenSSL Error messages:
error:1408F10B:SSL routines:ssl3_get_record:wrong version number in C:\xampp\htdocs\food\system\Email\Email.php:1891
Stack trace:
#0 [internal function]: CodeIgniter\Debug\Exceptions->errorHandler(2, 'fsockopen(): SS...', 'C:\\xampp\\htdocs...', 1891, Array)
#1 C:\xampp\htdocs\food\system\Email\Email.php(1891): fsockopen('ssl://smtp-rela...', 587, 0, NULL, 5)
#2 C:\xampp\htdocs\food\system\Email\Email.php(1799): CodeIgniter\Email\Email->SMTPConnect()
#3 C:\xampp\htdocs\food\system\Email\Email.php(1684): CodeIgniter\Email\Email->sendWithSmtp()
#4 C:\xampp\htdocs\food\system\Email\Email.php(1578): CodeIgniter\Email\Email->spoolEmail()
#5 C:\xampp\htdocs\food\app\Controllers\Home.php(24): CodeIgniter\Email\Email->send()
#6 C:\xampp\htdocs\food\system\CodeIgniter.php(942): App\Controllers\Home->email()
#7 C:\xampp\htdocs\food\system\CodeIgniter.php(502): CodeIgniter\CodeIgniter->runController(Object(App\Controllers\Home))
#8 C:\xampp\htdocs\food\system\CodeIgniter.php(361): CodeIgniter\CodeIgniter->handleRequest(NULL, Object(Config\Cache), false)
#9 C:\xampp\htdocs\food\public\index.php(79): CodeIgniter\CodeIgniter->run()
#10 C:\xampp\htdocs\food\system\Commands\Server\rewrite.php(47): require_once('C:\\xampp\\htdocs...')
#11 {main}
ERROR - 2023-11-04 09:25:34 --> Email: Não foi possível enviar e-mail usando PHP SMTP. Seu servidor pode não estar configurado para enviar e-mail usando este método.
ERROR - 2023-11-04 09:25:34 --> 
ERROR - 2023-11-04 09:26:15 --> Email: sendWithSmtp throwed ErrorException: fsockopen(): SSL operation failed with code 1. OpenSSL Error messages:
error:1408F10B:SSL routines:ssl3_get_record:wrong version number in C:\xampp\htdocs\food\system\Email\Email.php:1891
Stack trace:
#0 [internal function]: CodeIgniter\Debug\Exceptions->errorHandler(2, 'fsockopen(): SS...', 'C:\\xampp\\htdocs...', 1891, Array)
#1 C:\xampp\htdocs\food\system\Email\Email.php(1891): fsockopen('ssl://smtp-rela...', 587, 0, NULL, 5)
#2 C:\xampp\htdocs\food\system\Email\Email.php(1799): CodeIgniter\Email\Email->SMTPConnect()
#3 C:\xampp\htdocs\food\system\Email\Email.php(1684): CodeIgniter\Email\Email->sendWithSmtp()
#4 C:\xampp\htdocs\food\system\Email\Email.php(1578): CodeIgniter\Email\Email->spoolEmail()
#5 C:\xampp\htdocs\food\app\Controllers\Home.php(24): CodeIgniter\Email\Email->send()
#6 C:\xampp\htdocs\food\system\CodeIgniter.php(942): App\Controllers\Home->email()
#7 C:\xampp\htdocs\food\system\CodeIgniter.php(502): CodeIgniter\CodeIgniter->runController(Object(App\Controllers\Home))
#8 C:\xampp\htdocs\food\system\CodeIgniter.php(361): CodeIgniter\CodeIgniter->handleRequest(NULL, Object(Config\Cache), false)
#9 C:\xampp\htdocs\food\public\index.php(79): CodeIgniter\CodeIgniter->run()
#10 C:\xampp\htdocs\food\system\Commands\Server\rewrite.php(47): require_once('C:\\xampp\\htdocs...')
#11 {main}
ERROR - 2023-11-04 09:26:15 --> Email: Não foi possível enviar e-mail usando PHP SMTP. Seu servidor pode não estar configurado para enviar e-mail usando este método.
ERROR - 2023-11-04 09:26:15 --> 
ERROR - 2023-11-04 09:31:48 --> Email: sendWithSmtp throwed ErrorException: fsockopen(): SSL operation failed with code 1. OpenSSL Error messages:
error:1408F10B:SSL routines:ssl3_get_record:wrong version number in C:\xampp\htdocs\food\system\Email\Email.php:1891
Stack trace:
#0 [internal function]: CodeIgniter\Debug\Exceptions->errorHandler(2, 'fsockopen(): SS...', 'C:\\xampp\\htdocs...', 1891, Array)
#1 C:\xampp\htdocs\food\system\Email\Email.php(1891): fsockopen('ssl://smtp.elas...', 2525, 0, NULL, 5)
#2 C:\xampp\htdocs\food\system\Email\Email.php(1799): CodeIgniter\Email\Email->SMTPConnect()
#3 C:\xampp\htdocs\food\system\Email\Email.php(1684): CodeIgniter\Email\Email->sendWithSmtp()
#4 C:\xampp\htdocs\food\system\Email\Email.php(1578): CodeIgniter\Email\Email->spoolEmail()
#5 C:\xampp\htdocs\food\app\Controllers\Home.php(24): CodeIgniter\Email\Email->send()
#6 C:\xampp\htdocs\food\system\CodeIgniter.php(942): App\Controllers\Home->email()
#7 C:\xampp\htdocs\food\system\CodeIgniter.php(502): CodeIgniter\CodeIgniter->runController(Object(App\Controllers\Home))
#8 C:\xampp\htdocs\food\system\CodeIgniter.php(361): CodeIgniter\CodeIgniter->handleRequest(NULL, Object(Config\Cache), false)
#9 C:\xampp\htdocs\food\public\index.php(79): CodeIgniter\CodeIgniter->run()
#10 C:\xampp\htdocs\food\system\Commands\Server\rewrite.php(47): require_once('C:\\xampp\\htdocs...')
#11 {main}
ERROR - 2023-11-04 09:31:48 --> Email: Não foi possível enviar e-mail usando PHP SMTP. Seu servidor pode não estar configurado para enviar e-mail usando este método.
ERROR - 2023-11-04 09:31:48 --> 
ERROR - 2023-11-04 09:32:50 --> Email: sendWithSmtp throwed ErrorException: fsockopen(): SSL operation failed with code 1. OpenSSL Error messages:
error:1408F10B:SSL routines:ssl3_get_record:wrong version number in C:\xampp\htdocs\food\system\Email\Email.php:1891
Stack trace:
#0 [internal function]: CodeIgniter\Debug\Exceptions->errorHandler(2, 'fsockopen(): SS...', 'C:\\xampp\\htdocs...', 1891, Array)
#1 C:\xampp\htdocs\food\system\Email\Email.php(1891): fsockopen('ssl://smtp.elas...', 2525, 0, NULL, 5)
#2 C:\xampp\htdocs\food\system\Email\Email.php(1799): CodeIgniter\Email\Email->SMTPConnect()
#3 C:\xampp\htdocs\food\system\Email\Email.php(1684): CodeIgniter\Email\Email->sendWithSmtp()
#4 C:\xampp\htdocs\food\system\Email\Email.php(1578): CodeIgniter\Email\Email->spoolEmail()
#5 C:\xampp\htdocs\food\app\Controllers\Home.php(24): CodeIgniter\Email\Email->send()
#6 C:\xampp\htdocs\food\system\CodeIgniter.php(942): App\Controllers\Home->email()
#7 C:\xampp\htdocs\food\system\CodeIgniter.php(502): CodeIgniter\CodeIgniter->runController(Object(App\Controllers\Home))
#8 C:\xampp\htdocs\food\system\CodeIgniter.php(361): CodeIgniter\CodeIgniter->handleRequest(NULL, Object(Config\Cache), false)
#9 C:\xampp\htdocs\food\public\index.php(79): CodeIgniter\CodeIgniter->run()
#10 C:\xampp\htdocs\food\system\Commands\Server\rewrite.php(47): require_once('C:\\xampp\\htdocs...')
#11 {main}
ERROR - 2023-11-04 09:32:50 --> Email: Não foi possível enviar e-mail usando PHP SMTP. Seu servidor pode não estar configurado para enviar e-mail usando este método.
ERROR - 2023-11-04 09:32:50 --> 
ERROR - 2023-11-04 09:37:07 --> Email: sendWithSmtp throwed ErrorException: fsockopen(): SSL operation failed with code 1. OpenSSL Error messages:
error:1408F10B:SSL routines:ssl3_get_record:wrong version number in C:\xampp\htdocs\food\system\Email\Email.php:1891
Stack trace:
#0 [internal function]: CodeIgniter\Debug\Exceptions->errorHandler(2, 'fsockopen(): SS...', 'C:\\xampp\\htdocs...', 1891, Array)
#1 C:\xampp\htdocs\food\system\Email\Email.php(1891): fsockopen('ssl://sandbox.s...', 587, 0, NULL, 5)
#2 C:\xampp\htdocs\food\system\Email\Email.php(1799): CodeIgniter\Email\Email->SMTPConnect()
#3 C:\xampp\htdocs\food\system\Email\Email.php(1684): CodeIgniter\Email\Email->sendWithSmtp()
#4 C:\xampp\htdocs\food\system\Email\Email.php(1578): CodeIgniter\Email\Email->spoolEmail()
#5 C:\xampp\htdocs\food\app\Controllers\Home.php(24): CodeIgniter\Email\Email->send()
#6 C:\xampp\htdocs\food\system\CodeIgniter.php(942): App\Controllers\Home->email()
#7 C:\xampp\htdocs\food\system\CodeIgniter.php(502): CodeIgniter\CodeIgniter->runController(Object(App\Controllers\Home))
#8 C:\xampp\htdocs\food\system\CodeIgniter.php(361): CodeIgniter\CodeIgniter->handleRequest(NULL, Object(Config\Cache), false)
#9 C:\xampp\htdocs\food\public\index.php(79): CodeIgniter\CodeIgniter->run()
#10 C:\xampp\htdocs\food\system\Commands\Server\rewrite.php(47): require_once('C:\\xampp\\htdocs...')
#11 {main}
ERROR - 2023-11-04 09:37:07 --> Email: Não foi possível enviar e-mail usando PHP SMTP. Seu servidor pode não estar configurado para enviar e-mail usando este método.
ERROR - 2023-11-04 09:37:07 --> 
INFO - 2023-11-04 10:14:26 --> Session: Class initialized using 'CodeIgniter\Session\Handlers\FileHandler' driver.
INFO - 2023-11-04 10:14:26 --> Session: Class initialized using 'CodeIgniter\Session\Handlers\FileHandler' driver.
INFO - 2023-11-04 10:15:54 --> Session: Class initialized using 'CodeIgniter\Session\Handlers\FileHandler' driver.
INFO - 2023-11-04 10:17:10 --> Session: Class initialized using 'CodeIgniter\Session\Handlers\FileHandler' driver.
CRITICAL - 2023-11-04 10:24:59 --> Call to undefined function App\Controllers\App\Models\UsuarioModel()
in APPPATH\Controllers\Password.php on line 12.
 1 SYSTEMPATH\CodeIgniter.php(914): App\Controllers\Password->__construct()
 2 SYSTEMPATH\CodeIgniter.php(493): CodeIgniter\CodeIgniter->createController()
 3 SYSTEMPATH\CodeIgniter.php(361): CodeIgniter\CodeIgniter->handleRequest(null, Object(Config\Cache), false)
 4 FCPATH\index.php(79): CodeIgniter\CodeIgniter->run()
 5 SYSTEMPATH\Commands\Server\rewrite.php(47): require_once('C:\\xampp\\htdocs\\food\\public\\index.php')
CRITICAL - 2023-11-04 10:25:17 --> Call to undefined function App\Models\UsuarioModel()
in APPPATH\Controllers\Password.php on line 12.
 1 SYSTEMPATH\CodeIgniter.php(914): App\Controllers\Password->__construct()
 2 SYSTEMPATH\CodeIgniter.php(493): CodeIgniter\CodeIgniter->createController()
 3 SYSTEMPATH\CodeIgniter.php(361): CodeIgniter\CodeIgniter->handleRequest(null, Object(Config\Cache), false)
 4 FCPATH\index.php(79): CodeIgniter\CodeIgniter->run()
 5 SYSTEMPATH\Commands\Server\rewrite.php(47): require_once('C:\\xampp\\htdocs\\food\\public\\index.php')
CRITICAL - 2023-11-04 10:25:18 --> Call to undefined function App\Models\UsuarioModel()
in APPPATH\Controllers\Password.php on line 12.
 1 SYSTEMPATH\CodeIgniter.php(914): App\Controllers\Password->__construct()
 2 SYSTEMPATH\CodeIgniter.php(493): CodeIgniter\CodeIgniter->createController()
 3 SYSTEMPATH\CodeIgniter.php(361): CodeIgniter\CodeIgniter->handleRequest(null, Object(Config\Cache), false)
 4 FCPATH\index.php(79): CodeIgniter\CodeIgniter->run()
 5 SYSTEMPATH\Commands\Server\rewrite.php(47): require_once('C:\\xampp\\htdocs\\food\\public\\index.php')
INFO - 2023-11-04 10:25:47 --> Session: Class initialized using 'CodeIgniter\Session\Handlers\FileHandler' driver.
INFO - 2023-11-04 10:26:57 --> Session: Class initialized using 'CodeIgniter\Session\Handlers\FileHandler' driver.
INFO - 2023-11-04 10:27:11 --> Session: Class initialized using 'CodeIgniter\Session\Handlers\FileHandler' driver.
INFO - 2023-11-04 10:27:20 --> Session: Class initialized using 'CodeIgniter\Session\Handlers\FileHandler' driver.
INFO - 2023-11-04 10:27:22 --> Session: Class initialized using 'CodeIgniter\Session\Handlers\FileHandler' driver.
