CRITICAL - 2023-11-30 09:04:17 --> syntax error, unexpected ':'
in APPPATH\Views\layout\principal_web.php on line 274.
 1 SYSTEMPATH\View\View.php(231): CodeIgniter\View\View->CodeIgniter\View\{closure}()
 2 SYSTEMPATH\View\View.php(244): CodeIgniter\View\View->render('layout/principal_web', [], true)
 3 SYSTEMPATH\Common.php(1190): CodeIgniter\View\View->render('Home/index', [], true)
 4 APPPATH\Controllers\Home.php(23): view('Home/index', [...])
 5 SYSTEMPATH\CodeIgniter.php(942): App\Controllers\Home->index()
 6 SYSTEMPATH\CodeIgniter.php(502): CodeIgniter\CodeIgniter->runController(Object(App\Controllers\Home))
 7 SYSTEMPATH\CodeIgniter.php(361): CodeIgniter\CodeIgniter->handleRequest(null, Object(Config\Cache), false)
 8 FCPATH\index.php(79): CodeIgniter\CodeIgniter->run()
 9 SYSTEMPATH\Commands\Server\rewrite.php(47): require_once('C:\\xampp\\htdocs\\food\\public\\index.php')
CRITICAL - 2023-11-30 09:04:32 --> syntax error, unexpected ':', expecting ';'
in APPPATH\Views\layout\principal_web.php on line 283.
 1 SYSTEMPATH\View\View.php(231): CodeIgniter\View\View->CodeIgniter\View\{closure}()
 2 SYSTEMPATH\View\View.php(244): CodeIgniter\View\View->render('layout/principal_web', [], true)
 3 SYSTEMPATH\Common.php(1190): CodeIgniter\View\View->render('Home/index', [], true)
 4 APPPATH\Controllers\Home.php(23): view('Home/index', [...])
 5 SYSTEMPATH\CodeIgniter.php(942): App\Controllers\Home->index()
 6 SYSTEMPATH\CodeIgniter.php(502): CodeIgniter\CodeIgniter->runController(Object(App\Controllers\Home))
 7 SYSTEMPATH\CodeIgniter.php(361): CodeIgniter\CodeIgniter->handleRequest(null, Object(Config\Cache), false)
 8 FCPATH\index.php(79): CodeIgniter\CodeIgniter->run()
 9 SYSTEMPATH\Commands\Server\rewrite.php(47): require_once('C:\\xampp\\htdocs\\food\\public\\index.php')
CRITICAL - 2023-11-30 09:04:34 --> syntax error, unexpected ':', expecting ';'
in APPPATH\Views\layout\principal_web.php on line 283.
 1 SYSTEMPATH\View\View.php(231): CodeIgniter\View\View->CodeIgniter\View\{closure}()
 2 SYSTEMPATH\View\View.php(244): CodeIgniter\View\View->render('layout/principal_web', [], true)
 3 SYSTEMPATH\Common.php(1190): CodeIgniter\View\View->render('Home/index', [], true)
 4 APPPATH\Controllers\Home.php(23): view('Home/index', [...])
 5 SYSTEMPATH\CodeIgniter.php(942): App\Controllers\Home->index()
 6 SYSTEMPATH\CodeIgniter.php(502): CodeIgniter\CodeIgniter->runController(Object(App\Controllers\Home))
 7 SYSTEMPATH\CodeIgniter.php(361): CodeIgniter\CodeIgniter->handleRequest(null, Object(Config\Cache), false)
 8 FCPATH\index.php(79): CodeIgniter\CodeIgniter->run()
 9 SYSTEMPATH\Commands\Server\rewrite.php(47): require_once('C:\\xampp\\htdocs\\food\\public\\index.php')
INFO - 2023-11-30 09:04:43 --> Session: Class initialized using 'CodeIgniter\Session\Handlers\FileHandler' driver.
CRITICAL - 2023-11-30 09:04:43 --> Undefined variable: usuario_logado
in APPPATH\Views\layout\principal_web.php on line 274.
 1 APPPATH\Views\layout\principal_web.php(274): CodeIgniter\Debug\Exceptions->errorHandler(8, 'Undefined variable: usuario_logado', 'C:\\xampp\\htdocs\\food\\app\\Views\\layout\\principal_web.php', 274, [...])
 2 SYSTEMPATH\View\View.php(228): include('C:\\xampp\\htdocs\\food\\app\\Views\\layout\\principal_web.php')
 3 SYSTEMPATH\View\View.php(231): CodeIgniter\View\View->CodeIgniter\View\{closure}()
 4 SYSTEMPATH\View\View.php(244): CodeIgniter\View\View->render('layout/principal_web', [], true)
 5 SYSTEMPATH\Common.php(1190): CodeIgniter\View\View->render('Home/index', [], true)
 6 APPPATH\Controllers\Home.php(23): view('Home/index', [...])
 7 SYSTEMPATH\CodeIgniter.php(942): App\Controllers\Home->index()
 8 SYSTEMPATH\CodeIgniter.php(502): CodeIgniter\CodeIgniter->runController(Object(App\Controllers\Home))
 9 SYSTEMPATH\CodeIgniter.php(361): CodeIgniter\CodeIgniter->handleRequest(null, Object(Config\Cache), false)
10 FCPATH\index.php(79): CodeIgniter\CodeIgniter->run()
11 SYSTEMPATH\Commands\Server\rewrite.php(47): require_once('C:\\xampp\\htdocs\\food\\public\\index.php')
INFO - 2023-11-30 09:04:57 --> Session: Class initialized using 'CodeIgniter\Session\Handlers\FileHandler' driver.
CRITICAL - 2023-11-30 09:04:57 --> Undefined variable: usuario_logado
in APPPATH\Views\layout\principal_web.php on line 274.
 1 APPPATH\Views\layout\principal_web.php(274): CodeIgniter\Debug\Exceptions->errorHandler(8, 'Undefined variable: usuario_logado', 'C:\\xampp\\htdocs\\food\\app\\Views\\layout\\principal_web.php', 274, [...])
 2 SYSTEMPATH\View\View.php(228): include('C:\\xampp\\htdocs\\food\\app\\Views\\layout\\principal_web.php')
 3 SYSTEMPATH\View\View.php(231): CodeIgniter\View\View->CodeIgniter\View\{closure}()
 4 SYSTEMPATH\View\View.php(244): CodeIgniter\View\View->render('layout/principal_web', [], true)
 5 SYSTEMPATH\Common.php(1190): CodeIgniter\View\View->render('Home/index', [], true)
 6 APPPATH\Controllers\Home.php(23): view('Home/index', [...])
 7 SYSTEMPATH\CodeIgniter.php(942): App\Controllers\Home->index()
 8 SYSTEMPATH\CodeIgniter.php(502): CodeIgniter\CodeIgniter->runController(Object(App\Controllers\Home))
 9 SYSTEMPATH\CodeIgniter.php(361): CodeIgniter\CodeIgniter->handleRequest(null, Object(Config\Cache), false)
10 FCPATH\index.php(79): CodeIgniter\CodeIgniter->run()
11 SYSTEMPATH\Commands\Server\rewrite.php(47): require_once('C:\\xampp\\htdocs\\food\\public\\index.php')
INFO - 2023-11-30 09:05:21 --> Session: Class initialized using 'CodeIgniter\Session\Handlers\FileHandler' driver.
INFO - 2023-11-30 09:05:48 --> Session: Class initialized using 'CodeIgniter\Session\Handlers\FileHandler' driver.
INFO - 2023-11-30 09:05:54 --> CSRF token verified.
INFO - 2023-11-30 09:05:54 --> Session: Class initialized using 'CodeIgniter\Session\Handlers\FileHandler' driver.
INFO - 2023-11-30 09:05:54 --> Session: Class initialized using 'CodeIgniter\Session\Handlers\FileHandler' driver.
INFO - 2023-11-30 09:05:57 --> Session: Class initialized using 'CodeIgniter\Session\Handlers\FileHandler' driver.
INFO - 2023-11-30 09:06:01 --> Session: Class initialized using 'CodeIgniter\Session\Handlers\FileHandler' driver.
INFO - 2023-11-30 09:06:28 --> Session: Class initialized using 'CodeIgniter\Session\Handlers\FileHandler' driver.
INFO - 2023-11-30 09:06:29 --> Session: Class initialized using 'CodeIgniter\Session\Handlers\FileHandler' driver.
INFO - 2023-11-30 09:06:29 --> Session: Class initialized using 'CodeIgniter\Session\Handlers\FileHandler' driver.
